2024-09-15 14:12:00.053 [INF] ConnectionManager:RegisterAllActions: Started 
2024-09-15 14:12:00.070 [INF] ConnectionManager:RegisterAllActions: Finished 
2024-09-15 14:12:00.071 [VRB] ConnectionManager.Run port:28196, event: registerPlugin, uuid: 155A557896E85B98035935547633A8EE 
2024-09-15 14:12:02.137 [VRB] ConnectionManager.Run Connected 
2024-09-15 14:12:02.149 [VRB] ConnectionManager.Run Registered 
2024-09-15 14:23:55.430 [INF] ConnectionManager:RegisterAllActions: Started 
2024-09-15 14:23:55.445 [INF] ConnectionManager:RegisterAllActions: Finished 
2024-09-15 14:23:55.446 [VRB] ConnectionManager.Run port:28196, event: registerPlugin, uuid: 94242A403E9F8BA875E112D7E67E75D5 
2024-09-15 14:23:57.518 [VRB] ConnectionManager.Run Connected 
2024-09-15 14:23:57.530 [VRB] ConnectionManager.Run Registered 
2024-09-15 14:25:21.872 [INF] ConnectionManager:RegisterAllActions: Started 
2024-09-15 14:25:21.887 [INF] ConnectionManager:RegisterAllActions: Finished 
2024-09-15 14:25:21.888 [VRB] ConnectionManager.Run port:28196, event: registerPlugin, uuid: 568A4FE5F6CCA961FEC2B86EEA77DD69 
2024-09-15 14:25:23.958 [VRB] ConnectionManager.Run Connected 
2024-09-15 14:25:23.970 [VRB] ConnectionManager.Run Registered 
2024-09-15 14:26:07.050 [INF] ConnectionManager:RegisterAllActions: Started 
2024-09-15 14:26:07.065 [INF] ConnectionManager:RegisterAllActions: Finished 
2024-09-15 14:26:07.066 [VRB] ConnectionManager.Run port:28196, event: registerPlugin, uuid: 759399207854D39CB77296DD8C0110C0 
2024-09-15 14:26:09.112 [VRB] ConnectionManager.Run Connected 
2024-09-15 14:26:09.123 [VRB] ConnectionManager.Run Registered 
2024-09-15 14:35:44.161 [INF] ConnectionManager:RegisterAllActions: Started 
2024-09-15 14:35:44.179 [INF] ConnectionManager:RegisterAllActions: Finished 
2024-09-15 14:35:44.181 [VRB] ConnectionManager.Run port:28196, event: registerPlugin, uuid: 875BCFC662172D348CB3B3037EF31DF8 
2024-09-15 14:35:46.254 [VRB] ConnectionManager.Run Connected 
2024-09-15 14:35:46.267 [VRB] ConnectionManager.Run Registered 
